2024-10-30 19:32:32,348 - magnet_simulation - INFO - F total: -299.9035676190479
2024-10-30 19:32:32,348 - magnet_simulation - INFO - F_top_magnetic: -524.2120957613766
2024-10-30 19:32:32,348 - magnet_simulation - INFO - F_bottom_magnetic: 224.72992814232873
2024-10-30 19:32:32,348 - magnet_simulation - INFO - F_gravity: -0.4214
2024-10-30 19:32:32,349 - magnet_simulation - INFO - F_shaker: -0.0016975719569873695
2024-10-30 19:32:32,349 - magnet_simulation - INFO - F_damping: 0.0
2024-10-30 19:32:32,349 - magnet_simulation - INFO - Z 0.05
2024-10-30 19:32:32,349 - magnet_simulation - INFO - Time 0.0
---------------------------------------------
2024-10-30 19:32:32,349 - magnet_simulation - INFO - F total: -299.9035676191702
2024-10-30 19:32:32,359 - magnet_simulation - INFO - F_top_magnetic: -524.2120957613766
2024-10-30 19:32:32,359 - magnet_simulation - INFO - F_bottom_magnetic: 224.72992814232873
2024-10-30 19:32:32,359 - magnet_simulation - INFO - F_gravity: -0.4214
2024-10-30 19:32:32,359 - magnet_simulation - INFO - F_shaker: -0.0016975719569869857
2024-10-30 19:32:32,359 - magnet_simulation - INFO - F_damping: 1.2225586623015143e-10
2024-10-30 19:32:32,359 - magnet_simulation - INFO - Z 0.05
2024-10-30 19:32:32,359 - magnet_simulation - INFO - Time 1.0700361632022453e-07
---------------------------------------------
2024-10-30 19:32:32,359 - magnet_simulation - INFO - F total: -299.90356766795037
2024-10-30 19:32:32,359 - magnet_simulation - INFO - F_top_magnetic: -524.2120957613769
2024-10-30 19:32:32,361 - magnet_simulation - INFO - F_bottom_magnetic: 224.72992814232887
2024-10-30 19:32:32,361 - magnet_simulation - INFO - F_gravity: -0.4214
2024-10-30 19:32:32,361 - magnet_simulation - INFO - F_shaker: -0.0016975719568339026
2024-10-30 19:32:32,361 - magnet_simulation - INFO - F_damping: 4.890234649206057e-08
2024-10-30 19:32:32,361 - magnet_simulation - INFO - Z 0.05
2024-10-30 19:32:32,361 - magnet_simulation - INFO - Time 2.1400723264044907e-06
---------------------------------------------
2024-10-30 19:32:32,361 - magnet_simulation - INFO - F total: -299.90208154890746
2024-10-30 19:32:32,361 - magnet_simulation - INFO - F_top_magnetic: -524.2108401960375
2024-10-30 19:32:32,361 - magnet_simulation - INFO - F_bottom_magnetic: 224.73015875716027
2024-10-30 19:32:32,361 - magnet_simulation - INFO - F_gravity: -0.4214
2024-10-30 19:32:32,361 - magnet_simulation - INFO - F_shaker: -0.0016975719566420689
2024-10-30 19:32:32,361 - magnet_simulation - INFO - F_damping: 1.1003027963404868e-07
2024-10-30 19:32:32,361 - magnet_simulation - INFO - Z 0.04999996406459025
2024-10-30 19:32:32,361 - magnet_simulation - INFO - Time 3.210108489606736e-06
---------------------------------------------
2024-10-30 19:32:32,361 - magnet_simulation - INFO - F total: -299.8930001295463
2024-10-30 19:32:32,361 - magnet_simulation - INFO - F_top_magnetic: -524.2031674274532
2024-10-30 19:32:32,361 - magnet_simulation - INFO - F_bottom_magnetic: 224.73156808031
2024-10-30 19:32:32,361 - magnet_simulation - INFO - F_gravity: -0.4214
2024-10-30 19:32:32,362 - magnet_simulation - INFO - F_shaker: -0.0016975719545318986
2024-10-30 19:32:32,362 - magnet_simulation - INFO - F_damping: 7.82403079922464e-07
2024-10-30 19:32:32,362 - magnet_simulation - INFO - Z 0.04999974445930835
2024-10-30 19:32:32,362 - magnet_simulation - INFO - Time 8.560289305617963e-06
---------------------------------------------
2024-10-30 19:32:32,362 - magnet_simulation - INFO - F total: -299.8905212070314
2024-10-30 19:32:32,363 - magnet_simulation - INFO - F_top_magnetic: -524.20107302799
2024-10-30 19:32:32,363 - magnet_simulation - INFO - F_bottom_magnetic: 224.73195278684742
2024-10-30 19:32:32,363 - magnet_simulation - INFO - F_gravity: -0.4214
2024-10-30 19:32:32,363 - magnet_simulation - INFO - F_shaker: -0.0016975719539559237
2024-10-30 19:32:32,363 - magnet_simulation - INFO - F_damping: 9.658887554755816e-07
2024-10-30 19:32:32,363 - magnet_simulation - INFO - Z 0.04999968451357282
2024-10-30 19:32:32,363 - magnet_simulation - INFO - Time 9.511432561797736e-06
---------------------------------------------
2024-10-30 19:32:32,363 - magnet_simulation - INFO - F total: -299.8870558546613
2024-10-30 19:32:32,363 - magnet_simulation - INFO - F_top_magnetic: -524.1981452168855
2024-10-30 19:32:32,363 - magnet_simulation - INFO - F_bottom_magnetic: 224.73249058468002
2024-10-30 19:32:32,363 - magnet_simulation - INFO - F_gravity: -0.4214
2024-10-30 19:32:32,363 - magnet_simulation - INFO - F_shaker: -0.0016975719531506959
2024-10-30 19:32:32,363 - magnet_simulation - INFO - F_damping: 1.2224558584246796e-06
2024-10-30 19:32:32,363 - magnet_simulation - INFO - Z 0.04999960071319227
2024-10-30 19:32:32,363 - magnet_simulation - INFO - Time 1.0700361632022453e-05
---------------------------------------------
2024-10-30 19:32:32,363 - magnet_simulation - INFO - F total: -299.8870561913952
2024-10-30 19:32:32,363 - magnet_simulation - INFO - F_top_magnetic: -524.1981455013153
2024-10-30 19:32:32,363 - magnet_simulation - INFO - F_bottom_magnetic: 224.73249053243384
2024-10-30 19:32:32,363 - magnet_simulation - INFO - F_gravity: -0.4214
2024-10-30 19:32:32,364 - magnet_simulation - INFO - F_shaker: -0.0016975719531506959
2024-10-30 19:32:32,364 - magnet_simulation - INFO - F_damping: 1.222513789555244e-06
2024-10-30 19:32:32,364 - magnet_simulation - INFO - Z 0.04999960072133332
2024-10-30 19:32:32,364 - magnet_simulation - INFO - Time 1.0700361632022453e-05
---------------------------------------------
2024-10-30 19:32:32,364 - magnet_simulation - INFO - F total: -299.831946750063
2024-10-30 19:32:32,364 - magnet_simulation - INFO - F_top_magnetic: -524.1515826671326
2024-10-30 19:32:32,364 - magnet_simulation - INFO - F_bottom_magnetic: 224.74104462594593
2024-10-30 19:32:32,364 - magnet_simulation - INFO - F_gravity: -0.4214
2024-10-30 19:32:32,365 - magnet_simulation - INFO - F_shaker: -0.0016975719296546314
2024-10-30 19:32:32,365 - magnet_simulation - INFO - F_damping: 8.708876334769542e-06
2024-10-30 19:32:32,365 - magnet_simulation - INFO - Z 0.04999826786494618
2024-10-30 19:32:32,365 - magnet_simulation - INFO - Time 2.8560289305617963e-05
---------------------------------------------
2024-10-30 19:32:32,365 - magnet_simulation - INFO - F total: -299.70093412363354
2024-10-30 19:32:32,365 - magnet_simulation - INFO - F_top_magnetic: -524.040905120836
2024-10-30 19:32:32,365 - magnet_simulation - INFO - F_bottom_magnetic: 224.76138600044987
2024-10-30 19:32:32,365 - magnet_simulation - INFO - F_gravity: -0.4214
2024-10-30 19:32:32,365 - magnet_simulation - INFO - F_shaker: -0.001697571909890214
2024-10-30 19:32:32,365 - magnet_simulation - INFO - F_damping: 1.5003247402738672e-05
2024-10-30 19:32:32,365 - magnet_simulation - INFO - Z 0.04999509878062978
2024-10-30 19:32:32,365 - magnet_simulation - INFO - Time 3.7490253142415716e-05
---------------------------------------------
2024-10-30 19:32:32,366 - magnet_simulation - INFO - F total: -298.9321396262822
2024-10-30 19:32:32,366 - magnet_simulation - INFO - F_top_magnetic: -523.3916313039055
2024-10-30 19:32:32,366 - magnet_simulation - INFO - F_bottom_magnetic: 224.88096347393832
2024-10-30 19:32:32,366 - magnet_simulation - INFO - F_gravity: -0.4214
2024-10-30 19:32:32,366 - magnet_simulation - INFO - F_shaker: -0.0016975717309042767
2024-10-30 19:32:32,366 - magnet_simulation - INFO - F_damping: 7.179631505037618e-05
2024-10-30 19:32:32,366 - magnet_simulation - INFO - Z 0.04997648080613644
2024-10-30 19:32:32,366 - magnet_simulation - INFO - Time 8.214007232640449e-05
---------------------------------------------
2024-10-30 19:32:32,366 - magnet_simulation - INFO - F total: -298.73511720442553
2024-10-30 19:32:32,366 - magnet_simulation - INFO - F_top_magnetic: -523.2252968571233
2024-10-30 19:32:32,366 - magnet_simulation - INFO - F_bottom_magnetic: 224.91166576064327
2024-10-30 19:32:32,366 - magnet_simulation - INFO - F_gravity: -0.4214
2024-10-30 19:32:32,367 - magnet_simulation - INFO - F_shaker: -0.001697571685097118
2024-10-30 19:32:32,367 - magnet_simulation - INFO - F_damping: 8.610794545603748e-05
2024-10-30 19:32:32,367 - magnet_simulation - INFO - Z 0.04997170371697278
2024-10-30 19:32:32,367 - magnet_simulation - INFO - Time 9.007781795911361e-05
---------------------------------------------
2024-10-30 19:32:32,367 - magnet_simulation - INFO - F total: -298.4640292745126
2024-10-30 19:32:32,367 - magnet_simulation - INFO - F_top_magnetic: -522.9964715192717
2024-10-30 19:32:32,367 - magnet_simulation - INFO - F_bottom_magnetic: 224.95394836484527
2024-10-30 19:32:32,367 - magnet_simulation - INFO - F_gravity: -0.4214
2024-10-30 19:32:32,367 - magnet_simulation - INFO - F_shaker: -0.0016975716219001073
2024-10-30 19:32:32,367 - magnet_simulation - INFO - F_damping: 0.00010612008613105976
2024-10-30 19:32:32,367 - magnet_simulation - INFO - Z 0.04996512693641752
2024-10-30 19:32:32,367 - magnet_simulation - INFO - Time 0.0001
---------------------------------------------
2024-10-30 19:32:32,368 - magnet_simulation - INFO - F total: -298.4652029313384
2024-10-30 19:32:32,368 - magnet_simulation - INFO - F_top_magnetic: -522.9974617684969
2024-10-30 19:32:32,368 - magnet_simulation - INFO - F_bottom_magnetic: 224.9537652714627
2024-10-30 19:32:32,368 - magnet_simulation - INFO - F_gravity: -0.4214
2024-10-30 19:32:32,368 - magnet_simulation - INFO - F_shaker: -0.0016975716219001073
2024-10-30 19:32:32,368 - magnet_simulation - INFO - F_damping: 0.00010643430416196339
2024-10-30 19:32:32,368 - magnet_simulation - INFO - Z 0.049965155410054564
2024-10-30 19:32:32,368 - magnet_simulation - INFO - Time 0.0001
---------------------------------------------
