2024-10-30 17:25:41,203 - magnet_simulation - INFO - F total: -299.90356761904803
2024-10-30 17:25:41,203 - magnet_simulation - INFO - F_top_magnetic: -523.8318396430116
2024-10-30 17:25:41,203 - magnet_simulation - INFO - F_bottom_magnetic: 224.34967202396356
2024-10-30 17:25:41,203 - magnet_simulation - INFO - F_gravity: -0.4214
2024-10-30 17:25:41,203 - magnet_simulation - INFO - F_shaker: -0.38195369032215803
2024-10-30 17:25:41,203 - magnet_simulation - INFO - F_damping: 0.0
2024-10-30 17:25:41,203 - magnet_simulation - INFO - Z 0.05
2024-10-30 17:25:41,203 - magnet_simulation - INFO - Time 0.0
---------------------------------------------
2024-10-30 17:25:41,203 - magnet_simulation - INFO - F total: -299.9035676191703
2024-10-30 17:25:41,221 - magnet_simulation - INFO - F_top_magnetic: -523.831839643031
2024-10-30 17:25:41,221 - magnet_simulation - INFO - F_bottom_magnetic: 224.34967202398298
2024-10-30 17:25:41,221 - magnet_simulation - INFO - F_gravity: -0.4214
2024-10-30 17:25:41,221 - magnet_simulation - INFO - F_shaker: -0.38195369030273496
2024-10-30 17:25:41,221 - magnet_simulation - INFO - F_damping: 1.2225527133774352e-10
2024-10-30 17:25:41,222 - magnet_simulation - INFO - Z 0.05
2024-10-30 17:25:41,222 - magnet_simulation - INFO - Time 1.0700335598213862e-07
---------------------------------------------
2024-10-30 17:25:41,222 - magnet_simulation - INFO - F total: -299.90356766795014
2024-10-30 17:25:41,222 - magnet_simulation - INFO - F_top_magnetic: -523.8318396507808
2024-10-30 17:25:41,222 - magnet_simulation - INFO - F_bottom_magnetic: 224.34967203173278
2024-10-30 17:25:41,222 - magnet_simulation - INFO - F_gravity: -0.4214
2024-10-30 17:25:41,222 - magnet_simulation - INFO - F_shaker: -0.381953682552932
2024-10-30 17:25:41,222 - magnet_simulation - INFO - F_damping: 4.890210853509742e-08
2024-10-30 17:25:41,222 - magnet_simulation - INFO - Z 0.05
2024-10-30 17:25:41,222 - magnet_simulation - INFO - Time 2.1400671196427725e-06
---------------------------------------------
2024-10-30 17:25:41,223 - magnet_simulation - INFO - F total: -299.9020815561387
2024-10-30 17:25:41,223 - magnet_simulation - INFO - F_top_magnetic: -523.8305841012623
2024-10-30 17:25:41,223 - magnet_simulation - INFO - F_bottom_magnetic: 224.34990265515336
2024-10-30 17:25:41,223 - magnet_simulation - INFO - F_gravity: -0.4214
2024-10-30 17:25:41,223 - magnet_simulation - INFO - F_shaker: -0.3819536728413995
2024-10-30 17:25:41,223 - magnet_simulation - INFO - F_damping: 1.1002974423088126e-07
2024-10-30 17:25:41,223 - magnet_simulation - INFO - Z 0.04999996406476511
2024-10-30 17:25:41,223 - magnet_simulation - INFO - Time 3.2101006794641584e-06
---------------------------------------------
2024-10-30 17:25:41,223 - magnet_simulation - INFO - F total: -299.89300018096657
2024-10-30 17:25:41,223 - magnet_simulation - INFO - F_top_magnetic: -523.8229114768374
2024-10-30 17:25:41,224 - magnet_simulation - INFO - F_bottom_magnetic: 224.3513120782701
2024-10-30 17:25:41,224 - magnet_simulation - INFO - F_gravity: -0.4214
2024-10-30 17:25:41,224 - magnet_simulation - INFO - F_shaker: -0.3819535660145477
2024-10-30 17:25:41,224 - magnet_simulation - INFO - F_damping: 7.82399272946453e-07
2024-10-30 17:25:41,224 - magnet_simulation - INFO - Z 0.0499997444605518
2024-10-30 17:25:41,224 - magnet_simulation - INFO - Time 8.56026847857109e-06
---------------------------------------------
2024-10-30 17:25:41,224 - magnet_simulation - INFO - F total: -299.8905212705143
2024-10-30 17:25:41,224 - magnet_simulation - INFO - F_top_magnetic: -523.8208171167236
2024-10-30 17:25:41,224 - magnet_simulation - INFO - F_bottom_magnetic: 224.35169681209337
2024-10-30 17:25:41,224 - magnet_simulation - INFO - F_gravity: -0.4214
2024-10-30 17:25:41,224 - magnet_simulation - INFO - F_shaker: -0.38195353685597444
2024-10-30 17:25:41,225 - magnet_simulation - INFO - F_damping: 9.658840559039413e-07
2024-10-30 17:25:41,225 - magnet_simulation - INFO - Z 0.04999968451510798
2024-10-30 17:25:41,225 - magnet_simulation - INFO - Time 9.511409420634544e-06
---------------------------------------------
2024-10-30 17:25:41,225 - magnet_simulation - INFO - F total: -299.8870559350059
2024-10-30 17:25:41,225 - magnet_simulation - INFO - F_top_magnetic: -523.8178893606287
2024-10-30 17:25:41,225 - magnet_simulation - INFO - F_bottom_magnetic: 224.35223464807265
2024-10-30 17:25:41,225 - magnet_simulation - INFO - F_gravity: -0.4214
2024-10-30 17:25:41,225 - magnet_simulation - INFO - F_shaker: -0.38195349609152285
2024-10-30 17:25:41,225 - magnet_simulation - INFO - F_damping: 1.2224499105010648e-06
2024-10-30 17:25:41,225 - magnet_simulation - INFO - Z 0.0499996007151352
2024-10-30 17:25:41,225 - magnet_simulation - INFO - Time 1.0700335598213862e-05
---------------------------------------------
2024-10-30 17:25:41,225 - magnet_simulation - INFO - F total: -299.8870562717366
2024-10-30 17:25:41,225 - magnet_simulation - INFO - F_top_magnetic: -523.8178896450557
2024-10-30 17:25:41,225 - magnet_simulation - INFO - F_bottom_magnetic: 224.35223459582696
2024-10-30 17:25:41,225 - magnet_simulation - INFO - F_gravity: -0.4214
2024-10-30 17:25:41,225 - magnet_simulation - INFO - F_shaker: -0.38195349609152285
2024-10-30 17:25:41,225 - magnet_simulation - INFO - F_damping: 1.222507841067857e-06
2024-10-30 17:25:41,225 - magnet_simulation - INFO - Z 0.04999960072327617
2024-10-30 17:25:41,225 - magnet_simulation - INFO - Time 1.0700335598213862e-05
---------------------------------------------
2024-10-30 17:25:41,225 - magnet_simulation - INFO - F total: -299.8210232189543
2024-10-30 17:25:41,225 - magnet_simulation - INFO - F_top_magnetic: -523.7620983677248
2024-10-30 17:25:41,225 - magnet_simulation - INFO - F_bottom_magnetic: 224.36248615080265
2024-10-30 17:25:41,225 - magnet_simulation - INFO - F_gravity: -0.4214
2024-10-30 17:25:41,225 - magnet_simulation - INFO - F_shaker: -0.3819519422476267
2024-10-30 17:25:41,225 - magnet_simulation - INFO - F_damping: 1.1002032123082242e-05
2024-10-30 17:25:41,225 - magnet_simulation - INFO - Z 0.04999800363103602
2024-10-30 17:25:41,225 - magnet_simulation - INFO - Time 3.210100679464159e-05
---------------------------------------------
2024-10-30 17:25:41,225 - magnet_simulation - INFO - F total: -299.63947584370555
2024-10-30 17:25:41,225 - magnet_simulation - INFO - F_top_magnetic: -523.6087352805306
2024-10-30 17:25:41,225 - magnet_simulation - INFO - F_bottom_magnetic: 224.39067899102886
2024-10-30 17:25:41,225 - magnet_simulation - INFO - F_gravity: -0.4214
2024-10-30 17:25:41,225 - magnet_simulation - INFO - F_shaker: -0.381950582635946
2024-10-30 17:25:41,225 - magnet_simulation - INFO - F_damping: 1.9554203797277454e-05
2024-10-30 17:25:41,225 - magnet_simulation - INFO - Z 0.04999361175927034
2024-10-30 17:25:41,225 - magnet_simulation - INFO - Time 4.280134239285544e-05
---------------------------------------------
2024-10-30 17:25:41,225 - magnet_simulation - INFO - F total: -298.56899001315634
2024-10-30 17:25:41,225 - magnet_simulation - INFO - F_top_magnetic: -522.7048230488112
2024-10-30 17:25:41,225 - magnet_simulation - INFO - F_bottom_magnetic: 224.55733158786398
2024-10-30 17:25:41,225 - magnet_simulation - INFO - F_gravity: -0.4214
2024-10-30 17:25:41,225 - magnet_simulation - INFO - F_shaker: -0.38193795774737993
2024-10-30 17:25:41,225 - magnet_simulation - INFO - F_damping: 9.855220908608765e-05
2024-10-30 17:25:41,225 - magnet_simulation - INFO - Z 0.04996767388262098
2024-10-30 17:25:41,228 - magnet_simulation - INFO - Time 9.630302038392476e-05
---------------------------------------------
2024-10-30 17:25:41,229 - magnet_simulation - INFO - F total: -298.2917900452225
2024-10-30 17:25:41,229 - magnet_simulation - INFO - F_top_magnetic: -522.4708707353841
2024-10-30 17:25:41,229 - magnet_simulation - INFO - F_bottom_magnetic: 224.60059919939735
2024-10-30 17:25:41,229 - magnet_simulation - INFO - F_gravity: -0.4214
2024-10-30 17:25:41,229 - magnet_simulation - INFO - F_shaker: -0.381934696640176
2024-10-30 17:25:41,229 - magnet_simulation - INFO - F_damping: 0.00011850923577326881
2024-10-30 17:25:41,229 - magnet_simulation - INFO - Z 0.0499609459779308
2024-10-30 17:25:41,229 - magnet_simulation - INFO - Time 0.0001058144298045593
---------------------------------------------
2024-10-30 17:25:41,229 - magnet_simulation - INFO - F total: -297.91025922810854
2024-10-30 17:25:41,229 - magnet_simulation - INFO - F_top_magnetic: -522.1489408063786
2024-10-30 17:25:41,229 - magnet_simulation - INFO - F_bottom_magnetic: 224.66022821642133
2024-10-30 17:25:41,230 - magnet_simulation - INFO - F_gravity: -0.4214
2024-10-30 17:25:41,230 - magnet_simulation - INFO - F_shaker: -0.3819301886543239
2024-10-30 17:25:41,230 - magnet_simulation - INFO - F_damping: 0.00014663815126010594
2024-10-30 17:25:41,230 - magnet_simulation - INFO - Z 0.04995167819722735
2024-10-30 17:25:41,230 - magnet_simulation - INFO - Time 0.00011770369158035248
---------------------------------------------
2024-10-30 17:25:41,230 - magnet_simulation - INFO - F total: -297.9128292608698
2024-10-30 17:25:41,230 - magnet_simulation - INFO - F_top_magnetic: -522.1511083985125
2024-10-30 17:25:41,230 - magnet_simulation - INFO - F_bottom_magnetic: 224.65982641167554
2024-10-30 17:25:41,230 - magnet_simulation - INFO - F_gravity: -0.4214
2024-10-30 17:25:41,230 - magnet_simulation - INFO - F_shaker: -0.3819301886543239
2024-10-30 17:25:41,230 - magnet_simulation - INFO - F_damping: 0.00014727403280438006
2024-10-30 17:25:41,231 - magnet_simulation - INFO - Z 0.04995174063560764
2024-10-30 17:25:41,231 - magnet_simulation - INFO - Time 0.00011770369158035248
---------------------------------------------
2024-10-30 17:25:41,231 - magnet_simulation - INFO - F total: -296.38463233506013
2024-10-30 17:25:41,231 - magnet_simulation - INFO - F_top_magnetic: -520.8625125886164
2024-10-30 17:25:41,231 - magnet_simulation - INFO - F_bottom_magnetic: 224.89956245096192
2024-10-30 17:25:41,231 - magnet_simulation - INFO - F_gravity: -0.4214
2024-10-30 17:25:41,231 - magnet_simulation - INFO - F_shaker: -0.38190854694118537
2024-10-30 17:25:41,231 - magnet_simulation - INFO - F_damping: 0.0002821974056663101
2024-10-30 17:25:41,231 - magnet_simulation - INFO - Z 0.0499145298489954
2024-10-30 17:25:41,231 - magnet_simulation - INFO - Time 0.0001631322528425855
---------------------------------------------
2024-10-30 17:25:41,231 - magnet_simulation - INFO - F total: -294.9651381929453
2024-10-30 17:25:41,232 - magnet_simulation - INFO - F_top_magnetic: -519.6668901167667
2024-10-30 17:25:41,232 - magnet_simulation - INFO - F_bottom_magnetic: 225.12351686228484
2024-10-30 17:25:41,232 - magnet_simulation - INFO - F_gravity: -0.4214
2024-10-30 17:25:41,232 - magnet_simulation - INFO - F_shaker: -0.3818951006867164
2024-10-30 17:25:41,232 - magnet_simulation - INFO - F_damping: 0.00036493846344036424
2024-10-30 17:25:41,232 - magnet_simulation - INFO - Z 0.04987983907889987
2024-10-30 17:25:41,232 - magnet_simulation - INFO - Time 0.000185846533473702
---------------------------------------------
2024-10-30 17:25:41,232 - magnet_simulation - INFO - F total: -287.2845172468009
2024-10-30 17:25:41,232 - magnet_simulation - INFO - F_top_magnetic: -513.2193456271406
2024-10-30 17:25:41,233 - magnet_simulation - INFO - F_bottom_magnetic: 226.35715340630358
2024-10-30 17:25:41,233 - magnet_simulation - INFO - F_gravity: -0.4214
2024-10-30 17:25:41,233 - magnet_simulation - INFO - F_shaker: -0.38180161814090563
2024-10-30 17:25:41,233 - magnet_simulation - INFO - F_damping: 0.0009250259639166284
2024-10-30 17:25:41,233 - magnet_simulation - INFO - Z 0.04968997948186647
2024-10-30 17:25:41,233 - magnet_simulation - INFO - Time 0.0002994179366292845
---------------------------------------------
2024-10-30 17:25:41,233 - magnet_simulation - INFO - F total: -285.5871982744409
2024-10-30 17:25:41,233 - magnet_simulation - INFO - F_top_magnetic: -511.7995855075629
2024-10-30 17:25:41,233 - magnet_simulation - INFO - F_bottom_magnetic: 226.6348255634721
2024-10-30 17:25:41,233 - magnet_simulation - INFO - F_gravity: -0.4214
2024-10-30 17:25:41,233 - magnet_simulation - INFO - F_shaker: -0.3817804190661639
2024-10-30 17:25:41,233 - magnet_simulation - INFO - F_damping: 0.0010383303501106382
2024-10-30 17:25:41,233 - magnet_simulation - INFO - Z 0.049647529723758875
2024-10-30 17:25:41,233 - magnet_simulation - INFO - Time 0.000319608408301388
---------------------------------------------
2024-10-30 17:25:41,233 - magnet_simulation - INFO - F total: -283.2807665095591
2024-10-30 17:25:41,233 - magnet_simulation - INFO - F_top_magnetic: -509.8732958971255
2024-10-30 17:25:41,233 - magnet_simulation - INFO - F_bottom_magnetic: 227.01513453891178
2024-10-30 17:25:41,233 - magnet_simulation - INFO - F_gravity: -0.4214
2024-10-30 17:25:41,233 - magnet_simulation - INFO - F_shaker: -0.38175197616516154
2024-10-30 17:25:41,233 - magnet_simulation - INFO - F_damping: 0.001205151345397949
2024-10-30 17:25:41,233 - magnet_simulation - INFO - Z 0.04958955734805218
2024-10-30 17:25:41,233 - magnet_simulation - INFO - Time 0.0003448464978915175
---------------------------------------------
2024-10-30 17:25:41,233 - magnet_simulation - INFO - F total: -283.2667353653894
2024-10-30 17:25:41,233 - magnet_simulation - INFO - F_top_magnetic: -509.8615739877247
2024-10-30 17:25:41,233 - magnet_simulation - INFO - F_bottom_magnetic: 227.0174613064953
2024-10-30 17:25:41,233 - magnet_simulation - INFO - F_gravity: -0.4214
2024-10-30 17:25:41,233 - magnet_simulation - INFO - F_shaker: -0.38175197616516154
2024-10-30 17:25:41,233 - magnet_simulation - INFO - F_damping: 0.00122268416005601
2024-10-30 17:25:41,233 - magnet_simulation - INFO - Z 0.04958920323797056
2024-10-30 17:25:41,233 - magnet_simulation - INFO - Time 0.0003448464978915175
---------------------------------------------
2024-10-30 17:25:41,233 - magnet_simulation - INFO - F total: -278.4656913481626
2024-10-30 17:25:41,233 - magnet_simulation - INFO - F_top_magnetic: -505.86304969770833
2024-10-30 17:25:41,233 - magnet_simulation - INFO - F_bottom_magnetic: 227.82035849351578
2024-10-30 17:25:41,233 - magnet_simulation - INFO - F_gravity: -0.4214
2024-10-30 17:25:41,233 - magnet_simulation - INFO - F_shaker: -0.38168711915965087
2024-10-30 17:25:41,233 - magnet_simulation - INFO - F_damping: 0.001600143969967342
2024-10-30 17:25:41,233 - magnet_simulation - INFO - Z 0.04946745174037105
2024-10-30 17:25:41,233 - magnet_simulation - INFO - Time 0.00039643351190767474
---------------------------------------------
2024-10-30 17:25:41,233 - magnet_simulation - INFO - F total: -275.31858023777676
2024-10-30 17:25:41,233 - magnet_simulation - INFO - F_top_magnetic: -503.25036857661115
2024-10-30 17:25:41,233 - magnet_simulation - INFO - F_bottom_magnetic: 228.35498807065537
2024-10-30 17:25:41,233 - magnet_simulation - INFO - F_gravity: -0.4214
2024-10-30 17:25:41,233 - magnet_simulation - INFO - F_shaker: -0.3816513070934782
2024-10-30 17:25:41,233 - magnet_simulation - INFO - F_damping: 0.001799731820965562
2024-10-30 17:25:41,233 - magnet_simulation - INFO - Z 0.04938685356147855
2024-10-30 17:25:41,233 - magnet_simulation - INFO - Time 0.0004222270189157533
---------------------------------------------
2024-10-30 17:25:41,233 - magnet_simulation - INFO - F total: -259.34182263013315
2024-10-30 17:25:41,233 - magnet_simulation - INFO - F_top_magnetic: -490.0924591014063
2024-10-30 17:25:41,233 - magnet_simulation - INFO - F_bottom_magnetic: 231.17497279929478
2024-10-30 17:25:41,233 - magnet_simulation - INFO - F_gravity: -0.4214
2024-10-30 17:25:41,233 - magnet_simulation - INFO - F_shaker: -0.38143841999376366
2024-10-30 17:25:41,233 - magnet_simulation - INFO - F_damping: 0.002936328021637284
2024-10-30 17:25:41,233 - magnet_simulation - INFO - Z 0.04896789147646794
2024-10-30 17:25:41,233 - magnet_simulation - INFO - Time 0.0005511945539561463
---------------------------------------------
2024-10-30 17:25:41,233 - magnet_simulation - INFO - F total: -256.31694558214593
2024-10-30 17:25:41,233 - magnet_simulation - INFO - F_top_magnetic: -487.6219014205245
2024-10-30 17:25:41,233 - magnet_simulation - INFO - F_bottom_magnetic: 231.72948866456773
2024-10-30 17:25:41,233 - magnet_simulation - INFO - F_gravity: -0.4214
2024-10-30 17:25:41,233 - magnet_simulation - INFO - F_shaker: -0.3813946726243293
2024-10-30 17:25:41,238 - magnet_simulation - INFO - F_damping: 0.0031328261891158276
2024-10-30 17:25:41,239 - magnet_simulation - INFO - Z 0.04888670617962893
2024-10-30 17:25:41,239 - magnet_simulation - INFO - Time 0.0005741221157411051
---------------------------------------------
2024-10-30 17:25:41,239 - magnet_simulation - INFO - F total: -252.15824691684875
2024-10-30 17:25:41,239 - magnet_simulation - INFO - F_top_magnetic: -484.23638403982085
2024-10-30 17:25:41,239 - magnet_simulation - INFO - F_bottom_magnetic: 232.5029597665357
2024-10-30 17:25:41,239 - magnet_simulation - INFO - F_gravity: -0.4214
2024-10-30 17:25:41,239 - magnet_simulation - INFO - F_shaker: -0.3813374840874723
2024-10-30 17:25:41,239 - magnet_simulation - INFO - F_damping: 0.003422643563605088
2024-10-30 17:25:41,239 - magnet_simulation - INFO - Z 0.0487741096588169
2024-10-30 17:25:41,239 - magnet_simulation - INFO - Time 0.0006027815679723036
---------------------------------------------
2024-10-30 17:25:41,239 - magnet_simulation - INFO - F total: -251.95221886859213
2024-10-30 17:25:41,240 - magnet_simulation - INFO - F_top_magnetic: -484.0689744371259
2024-10-30 17:25:41,240 - magnet_simulation - INFO - F_bottom_magnetic: 232.5416188749655
2024-10-30 17:25:41,240 - magnet_simulation - INFO - F_gravity: -0.4214
2024-10-30 17:25:41,240 - magnet_simulation - INFO - F_shaker: -0.3813374840874723
2024-10-30 17:25:41,240 - magnet_simulation - INFO - F_damping: 0.003463306431711578
2024-10-30 17:25:41,240 - magnet_simulation - INFO - Z 0.04876850115200135
2024-10-30 17:25:41,240 - magnet_simulation - INFO - Time 0.0006027815679723036
---------------------------------------------
2024-10-30 17:25:41,240 - magnet_simulation - INFO - F total: -243.80000770802948
2024-10-30 17:25:41,240 - magnet_simulation - INFO - F_top_magnetic: -477.4718974165808
2024-10-30 17:25:41,240 - magnet_simulation - INFO - F_bottom_magnetic: 234.09735359171378
2024-10-30 17:25:41,240 - magnet_simulation - INFO - F_gravity: -0.4214
2024-10-30 17:25:41,241 - magnet_simulation - INFO - F_shaker: -0.38121674886329737
2024-10-30 17:25:41,241 - magnet_simulation - INFO - F_damping: 0.00406388316244225
2024-10-30 17:25:41,241 - magnet_simulation - INFO - Z 0.04854435422854629
2024-10-30 17:25:41,241 - magnet_simulation - INFO - Time 0.0006592116321484846
---------------------------------------------
2024-10-30 17:25:41,241 - magnet_simulation - INFO - F total: -239.0348760871227
2024-10-30 17:25:41,241 - magnet_simulation - INFO - F_top_magnetic: -473.63989323173456
2024-10-30 17:25:41,241 - magnet_simulation - INFO - F_bottom_magnetic: 235.03077573763284
2024-10-30 17:25:41,241 - magnet_simulation - INFO - F_gravity: -0.4214
2024-10-30 17:25:41,241 - magnet_simulation - INFO - F_shaker: -0.3811523374503175
2024-10-30 17:25:41,241 - magnet_simulation - INFO - F_damping: 0.004358593020975003
2024-10-30 17:25:41,241 - magnet_simulation - INFO - Z 0.04841129023980532
2024-10-30 17:25:41,241 - magnet_simulation - INFO - Time 0.0006874266642365751
---------------------------------------------
2024-10-30 17:25:41,242 - magnet_simulation - INFO - F total: -215.60277247065474
2024-10-30 17:25:41,242 - magnet_simulation - INFO - F_top_magnetic: -455.06965741398443
2024-10-30 17:25:41,242 - magnet_simulation - INFO - F_bottom_magnetic: 239.89420448911216
2024-10-30 17:25:41,242 - magnet_simulation - INFO - F_gravity: -0.4214
2024-10-30 17:25:41,242 - magnet_simulation - INFO - F_shaker: -0.38078986116724073
2024-10-30 17:25:41,242 - magnet_simulation - INFO - F_damping: 0.005919545782467432
2024-10-30 17:25:41,242 - magnet_simulation - INFO - Z 0.04773472167950712
2024-10-30 17:25:41,242 - magnet_simulation - INFO - Time 0.0008285018246770279
---------------------------------------------
2024-10-30 17:25:41,242 - magnet_simulation - INFO - F total: -211.5200168951101
2024-10-30 17:25:41,242 - magnet_simulation - INFO - F_top_magnetic: -451.88284529648644
2024-10-30 17:25:41,242 - magnet_simulation - INFO - F_bottom_magnetic: 240.7903913261488
2024-10-30 17:25:41,243 - magnet_simulation - INFO - F_gravity: -0.4214
2024-10-30 17:25:41,243 - magnet_simulation - INFO - F_shaker: -0.38071837144555865
2024-10-30 17:25:41,243 - magnet_simulation - INFO - F_damping: 0.006162924772462307
2024-10-30 17:25:41,243 - magnet_simulation - INFO - Z 0.047613029286039645
2024-10-30 17:25:41,243 - magnet_simulation - INFO - Time 0.000853581853199775
---------------------------------------------
2024-10-30 17:25:41,243 - magnet_simulation - INFO - F total: -205.83670816921006
2024-10-30 17:25:41,243 - magnet_simulation - INFO - F_top_magnetic: -447.4720087197479
2024-10-30 17:25:41,243 - magnet_simulation - INFO - F_bottom_magnetic: 242.0632253239511
2024-10-30 17:25:41,243 - magnet_simulation - INFO - F_gravity: -0.4214
2024-10-30 17:25:41,243 - magnet_simulation - INFO - F_shaker: -0.3806260180103784
2024-10-30 17:25:41,243 - magnet_simulation - INFO - F_damping: 0.006524773413211502
2024-10-30 17:25:41,243 - magnet_simulation - INFO - Z 0.04744173801491037
2024-10-30 17:25:41,243 - magnet_simulation - INFO - Time 0.000884931888853209
---------------------------------------------
2024-10-30 17:25:41,243 - magnet_simulation - INFO - F total: -205.38868076946426
2024-10-30 17:25:41,243 - magnet_simulation - INFO - F_top_magnetic: -447.1255318782921
2024-10-30 17:25:41,243 - magnet_simulation - INFO - F_bottom_magnetic: 242.16483786594006
2024-10-30 17:25:41,243 - magnet_simulation - INFO - F_gravity: -0.4214
2024-10-30 17:25:41,243 - magnet_simulation - INFO - F_shaker: -0.3806260180103784
2024-10-30 17:25:41,243 - magnet_simulation - INFO - F_damping: 0.00658675711218739
2024-10-30 17:25:41,243 - magnet_simulation - INFO - Z 0.04742814007262567
2024-10-30 17:25:41,243 - magnet_simulation - INFO - Time 0.000884931888853209
---------------------------------------------
2024-10-30 17:25:41,243 - magnet_simulation - INFO - F total: -201.25600792547152
2024-10-30 17:25:41,243 - magnet_simulation - INFO - F_top_magnetic: -443.93878016460883
2024-10-30 17:25:41,243 - magnet_simulation - INFO - F_bottom_magnetic: 243.11102600028767
2024-10-30 17:25:41,243 - magnet_simulation - INFO - F_gravity: -0.4214
2024-10-30 17:25:41,243 - magnet_simulation - INFO - F_shaker: -0.3805561076307952
2024-10-30 17:25:41,243 - magnet_simulation - INFO - F_damping: 0.006853761150359443
2024-10-30 17:25:41,243 - magnet_simulation - INFO - Z 0.04730207418594177
2024-10-30 17:25:41,243 - magnet_simulation - INFO - Time 0.0009079455110825672
---------------------------------------------
2024-10-30 17:25:41,243 - magnet_simulation - INFO - F total: -199.1114159701337
2024-10-30 17:25:41,243 - magnet_simulation - INFO - F_top_magnetic: -442.29145641908553
2024-10-30 17:25:41,243 - magnet_simulation - INFO - F_bottom_magnetic: 243.60842353866502
2024-10-30 17:25:41,243 - magnet_simulation - INFO - F_gravity: -0.4214
2024-10-30 17:25:41,243 - magnet_simulation - INFO - F_shaker: -0.3805204810499992
2024-10-30 17:25:41,243 - magnet_simulation - INFO - F_damping: 0.006983089713184278
2024-10-30 17:25:41,243 - magnet_simulation - INFO - Z 0.047236195271196414
2024-10-30 17:25:41,243 - magnet_simulation - INFO - Time 0.0009194523221972463
---------------------------------------------
2024-10-30 17:25:41,243 - magnet_simulation - INFO - F total: -188.4695603781045
2024-10-30 17:25:41,243 - magnet_simulation - INFO - F_top_magnetic: -434.1833055179137
2024-10-30 17:25:41,243 - magnet_simulation - INFO - F_bottom_magnetic: 246.14278391345633
2024-10-30 17:25:41,243 - magnet_simulation - INFO - F_gravity: -0.4214
2024-10-30 17:25:41,243 - magnet_simulation - INFO - F_shaker: -0.38033563592781205
2024-10-30 17:25:41,243 - magnet_simulation - INFO - F_damping: 0.007638773647095143
2024-10-30 17:25:41,243 - magnet_simulation - INFO - Z 0.04690465654159227
2024-10-30 17:25:41,243 - magnet_simulation - INFO - Time 0.0009769863777706418
---------------------------------------------
2024-10-30 17:25:41,243 - magnet_simulation - INFO - F total: -186.58233189502783
2024-10-30 17:25:41,243 - magnet_simulation - INFO - F_top_magnetic: -432.7571486104132
2024-10-30 17:25:41,243 - magnet_simulation - INFO - F_bottom_magnetic: 246.60396906765445
2024-10-30 17:25:41,243 - magnet_simulation - INFO - F_gravity: -0.4214
2024-10-30 17:25:41,243 - magnet_simulation - INFO - F_shaker: -0.3803016036485874
2024-10-30 17:25:41,247 - magnet_simulation - INFO - F_damping: 0.0077523522690723734
2024-10-30 17:25:41,247 - magnet_simulation - INFO - Z 0.04684505752340068
2024-10-30 17:25:41,247 - magnet_simulation - INFO - Time 0.0009872146543170232
---------------------------------------------
2024-10-30 17:25:41,247 - magnet_simulation - INFO - F total: -184.1719745255919
2024-10-30 17:25:41,248 - magnet_simulation - INFO - F_top_magnetic: -430.94092127398426
2024-10-30 17:25:41,248 - magnet_simulation - INFO - F_bottom_magnetic: 247.19824375308195
2024-10-30 17:25:41,248 - magnet_simulation - INFO - F_gravity: -0.4214
2024-10-30 17:25:41,248 - magnet_simulation - INFO - F_shaker: -0.3802585663245241
2024-10-30 17:25:41,248 - magnet_simulation - INFO - F_damping: 0.007897004689596834
2024-10-30 17:25:41,248 - magnet_simulation - INFO - Z 0.04676858675824728
2024-10-30 17:25:41,248 - magnet_simulation - INFO - Time 0.001
---------------------------------------------
2024-10-30 17:25:41,248 - magnet_simulation - INFO - F total: -184.13050082165884
2024-10-30 17:25:41,248 - magnet_simulation - INFO - F_top_magnetic: -430.9097209726381
2024-10-30 17:25:41,248 - magnet_simulation - INFO - F_bottom_magnetic: 247.20852044006602
2024-10-30 17:25:41,248 - magnet_simulation - INFO - F_gravity: -0.4214
2024-10-30 17:25:41,248 - magnet_simulation - INFO - F_shaker: -0.3802585663245241
2024-10-30 17:25:41,248 - magnet_simulation - INFO - F_damping: 0.007900289086721867
2024-10-30 17:25:41,248 - magnet_simulation - INFO - Z 0.04676726749759811
2024-10-30 17:25:41,248 - magnet_simulation - INFO - Time 0.001
---------------------------------------------
2024-10-30 17:25:51,959 - magnet_simulation - INFO - ----------------END----------------
